<?xml version="1.0" encoding="UTF-8"?>
<MTConnectStreams xmlns="urn:mtconnect.org:MTConnectStreams:1.3" xmlns:xsi="http://www.w3.org/2001/XMLSchema-instance" xsi:schemaLocation="urn:mtconnect.org:MTConnectStreams:1.3 http://www.mtconnect.org/schemas/MTConnectStreams_1.3.xsd">
    <Header creationTime="2025-07-03T08:11:48.871Z" sender="MTConnect Local Agent" instanceId="1" version="1.3.0" bufferSize="131072" firstSequence="1" lastSequence="8" nextSequence="9"/>
    <Streams>
        <DeviceStream name="STUDER DT-26" uuid="DT-26"><ComponentStream component="Device" name="DT-26" componentId=""><Events><AssetChanged dataItemId="_asset_chg" timestamp="2025-07-03T05:52:15.915Z" sequence="20" assetType="">UNAVAILABLE</AssetChanged><Availability dataItemId="avail" timestamp="2025-07-03T05:52:51.138Z" sequence="35">UNAVAILABLE</Availability></Events></ComponentStream><ComponentStream component="Rotary" name="A" componentId="a1"><Samples><Angle dataItemId="Aact" timestamp="2025-07-03T05:52:15.915Z" name="ALact" sequence="1">UNAVAILABLE</Angle><Load dataItemId="Aload" timestamp="2025-07-03T05:52:15.915Z" name="ALload" sequence="2">UNAVAILABLE</Load></Samples></ComponentStream><ComponentStream component="Rotary" name="B" componentId="b1"><Samples><Angle dataItemId="Bact" timestamp="2025-07-03T05:52:15.915Z" name="Bact" sequence="3">UNAVAILABLE</Angle><Load dataItemId="Bload" timestamp="2025-07-03T05:52:15.915Z" name="Bload" sequence="4">UNAVAILABLE</Load></Samples></ComponentStream><ComponentStream component="Rotary" name="C" componentId="c1"><Samples><Angle dataItemId="Cact" timestamp="2025-07-03T05:52:15.915Z" name="Cact" sequence="5">UNAVAILABLE</Angle><Load dataItemId="Cload" timestamp="2025-07-03T05:52:15.915Z" name="Cload" sequence="6">UNAVAILABLE</Load></Samples></ComponentStream><ComponentStream component="Controller" name="controller" componentId="cn1"><Events><EmergencyStop dataItemId="estop" timestamp="2025-07-03T05:52:15.915Z" sequence="23">UNAVAILABLE</EmergencyStop></Events><Condition><Unavailable dataItemId="system" timestamp="2025-07-03T05:52:15.915Z" sequence="32" type="SYSTEM"/></Condition></ComponentStream><ComponentStream component="Path" name="path" componentId="pth"><Samples><PathFeedrate dataItemId="fd1" timestamp="2025-07-03T05:52:15.915Z" name="feedrate" sequence="25">UNAVAILABLE</PathFeedrate><PathFeedrate dataItemId="fd2" timestamp="2025-07-03T05:52:15.915Z" name="Fovr" sequence="26" subType="OVERRIDE">UNAVAILABLE</PathFeedrate><FeedrateOverride dataItemId="fd3" timestamp="2025-07-03T05:52:15.915Z" name="Rovr" sequence="27" subType="RAPID">UNAVAILABLE</FeedrateOverride></Samples><Events><Block dataItemId="block" timestamp="2025-07-03T05:52:15.915Z" name="block" sequence="22">UNAVAILABLE</Block><Execution dataItemId="execution" timestamp="2025-07-03T05:52:15.915Z" name="exec" sequence="24">UNAVAILABLE</Execution><Line dataItemId="line" timestamp="2025-07-03T05:52:15.915Z" name="line" sequence="28">UNAVAILABLE</Line><ControllerMode dataItemId="mode" timestamp="2025-07-03T05:52:15.915Z" name="mode" sequence="29">UNAVAILABLE</ControllerMode><PartCount dataItemId="part_count" timestamp="2025-07-03T05:52:15.915Z" name="part_count" sequence="30">UNAVAILABLE</PartCount><Program dataItemId="program" timestamp="2025-07-03T05:52:15.915Z" name="program" sequence="31">UNAVAILABLE</Program><ToolId dataItemId="tool_id" timestamp="2025-07-03T05:52:15.915Z" name="ToolId" sequence="33">UNAVAILABLE</ToolId></Events></ComponentStream><ComponentStream component="Rotary" name="S0" componentId="s0"><Samples><SpindleSpeed dataItemId="SSovr" timestamp="2025-07-03T05:52:15.915Z" name="Sovr" sequence="11" subType="OVERRIDE">UNAVAILABLE</SpindleSpeed><SpindleSpeed dataItemId="Sspeed" timestamp="2025-07-03T05:52:15.915Z" name="Sspeed" sequence="13" subType="ACTUAL">UNAVAILABLE</SpindleSpeed><Load dataItemId="Sload" timestamp="2025-07-03T05:52:15.915Z" name="Sload" sequence="12" subType="ACTUAL">UNAVAILABLE</Load></Samples></ComponentStream><ComponentStream component="Rotary" name="S1" componentId="s1"><Samples><Load dataItemId="S1load" timestamp="2025-07-03T05:52:15.915Z" name="S1load" sequence="7" subType="ACTUAL">UNAVAILABLE</Load><SpindleSpeed dataItemId="S1speed" timestamp="2025-07-03T05:52:15.915Z" name="S1speed" sequence="8" subType="ACTUAL">UNAVAILABLE</SpindleSpeed></Samples></ComponentStream><ComponentStream component="Rotary" name="S2" componentId="s2"><Samples><Load dataItemId="S2load" timestamp="2025-07-03T05:52:15.915Z" name="S2load" sequence="9" subType="ACTUAL">UNAVAILABLE</Load><SpindleSpeed dataItemId="S2speed" timestamp="2025-07-03T05:52:15.915Z" name="S2speed" sequence="10" subType="ACTUAL">UNAVAILABLE</SpindleSpeed></Samples></ComponentStream><ComponentStream component="Linear" name="X" componentId="x1"><Samples><Position dataItemId="Xact" timestamp="2025-07-03T05:52:15.915Z" name="Xact" sequence="14">UNAVAILABLE</Position><Load dataItemId="Xload" timestamp="2025-07-03T05:52:15.915Z" name="Xload" sequence="15">UNAVAILABLE</Load></Samples></ComponentStream><ComponentStream component="Linear" name="Y" componentId="z1"><Samples><Position dataItemId="Yact" timestamp="2025-07-03T05:52:15.915Z" name="Yact" sequence="16">UNAVAILABLE</Position><Load dataItemId="Yload" timestamp="2025-07-03T05:52:15.915Z" name="Yload" sequence="17">UNAVAILABLE</Load></Samples></ComponentStream><ComponentStream component="Linear" name="Z" componentId="z1"><Samples><Position dataItemId="Zact" timestamp="2025-07-03T05:52:15.915Z" name="Zact" sequence="18">UNAVAILABLE</Position><Load dataItemId="Zload" timestamp="2025-07-03T05:52:15.915Z" name="Zload" sequence="19">UNAVAILABLE</Load></Samples></ComponentStream></DeviceStream>
<DeviceStream name="SR-10" uuid="SR-10"><ComponentStream component="Device" name="SR-10" componentId=""><Events><AssetChanged dataItemId="_asset_chg" timestamp="2025-07-03T05:52:15.872Z" sequence="20" assetType="">UNAVAILABLE</AssetChanged><Availability dataItemId="avail" timestamp="2025-07-03T05:52:15.951Z" sequence="34">AVAILABLE</Availability></Events></ComponentStream><ComponentStream component="Rotary" name="A" componentId="a1"><Samples><Angle dataItemId="Aact" timestamp="2025-07-03T05:52:15.872Z" name="ALact" sequence="1">UNAVAILABLE</Angle><Load dataItemId="Aload" timestamp="2025-07-03T05:52:15.872Z" name="ALload" sequence="2">UNAVAILABLE</Load></Samples></ComponentStream><ComponentStream component="Rotary" name="B" componentId="b1"><Samples><Angle dataItemId="Bact" timestamp="2025-07-03T05:52:15.872Z" name="Bact" sequence="3">UNAVAILABLE</Angle><Load dataItemId="Bload" timestamp="2025-07-03T05:52:15.872Z" name="Bload" sequence="4">UNAVAILABLE</Load></Samples></ComponentStream><ComponentStream component="Rotary" name="C" componentId="c1"><Samples><Angle dataItemId="Cact" timestamp="2025-07-03T08:11:39.785Z" name="Cact" sequence="118217">35</Angle><Load dataItemId="Cload" timestamp="2025-07-03T08:11:40.263Z" name="Cload" sequence="118229">0</Load></Samples></ComponentStream><ComponentStream component="Controller" name="controller" componentId="cn1"><Events><EmergencyStop dataItemId="estop" timestamp="2025-07-03T05:52:16.291Z" sequence="44">ARMED</EmergencyStop></Events><Condition><Normal dataItemId="system" timestamp="2025-07-03T05:52:15.951Z" sequence="35" type="SYSTEM"/></Condition></ComponentStream><ComponentStream component="Path" name="path" componentId="pth"><Samples><PathFeedrate dataItemId="fd1" timestamp="2025-07-03T05:52:15.872Z" name="feedrate" sequence="25">UNAVAILABLE</PathFeedrate><PathFeedrate dataItemId="fd2" timestamp="2025-07-03T05:52:16.291Z" name="Fovr" sequence="37" subType="OVERRIDE">100</PathFeedrate><FeedrateOverride dataItemId="fd3" timestamp="2025-07-03T05:52:15.872Z" name="Rovr" sequence="27" subType="RAPID">UNAVAILABLE</FeedrateOverride></Samples><Events><Block dataItemId="block" timestamp="2025-07-03T08:11:48.054Z" name="block" sequence="118346">G01 X-0.300 F0.03</Block><Execution dataItemId="execution" timestamp="2025-07-03T07:59:12.710Z" name="exec" sequence="103626">ACTIVE</Execution><Line dataItemId="line" timestamp="2025-07-03T05:52:16.291Z" name="line" sequence="40">1111</Line><ControllerMode dataItemId="mode" timestamp="2025-07-03T05:52:16.291Z" name="mode" sequence="42">AUTOMATIC</ControllerMode><PartCount dataItemId="part_count" timestamp="2025-07-03T08:11:20.173Z" name="part_count" sequence="117791">1616</PartCount><Program dataItemId="program" timestamp="2025-07-03T07:46:41.250Z" name="program" sequence="98157">44.44</Program><ToolId dataItemId="tool_id" timestamp="2025-07-03T08:11:42.883Z" name="ToolId" sequence="118271">1</ToolId></Events></ComponentStream><ComponentStream component="Rotary" name="S0" componentId="s0"><Samples><SpindleSpeed dataItemId="SSovr" timestamp="2025-07-03T05:52:15.872Z" name="Sovr" sequence="11" subType="OVERRIDE">UNAVAILABLE</SpindleSpeed><SpindleSpeed dataItemId="Sspeed" timestamp="2025-07-03T05:52:15.872Z" name="Sspeed" sequence="13" subType="ACTUAL">UNAVAILABLE</SpindleSpeed><Load dataItemId="Sload" timestamp="2025-07-03T05:52:15.872Z" name="Sload" sequence="12" subType="ACTUAL">UNAVAILABLE</Load></Samples></ComponentStream><ComponentStream component="Rotary" name="S1" componentId="s1"><Samples><Load dataItemId="S1load" timestamp="2025-07-03T08:11:48.054Z" name="S1load" sequence="118350" subType="ACTUAL">5</Load><SpindleSpeed dataItemId="S1speed" timestamp="2025-07-03T08:11:48.454Z" name="S1speed" sequence="118355" subType="ACTUAL">3500</SpindleSpeed></Samples></ComponentStream><ComponentStream component="Rotary" name="S2" componentId="s2"><Samples><Load dataItemId="S2load" timestamp="2025-07-03T05:52:15.872Z" name="S2load" sequence="9" subType="ACTUAL">UNAVAILABLE</Load><SpindleSpeed dataItemId="S2speed" timestamp="2025-07-03T05:52:15.872Z" name="S2speed" sequence="10" subType="ACTUAL">UNAVAILABLE</SpindleSpeed></Samples></ComponentStream><ComponentStream component="Linear" name="X" componentId="x1"><Samples><Position dataItemId="Xact" timestamp="2025-07-03T08:11:48.454Z" name="Xact" sequence="118351">13.375</Position><Load dataItemId="Xload" timestamp="2025-07-03T08:11:48.454Z" name="Xload" sequence="118356">1</Load></Samples></ComponentStream><ComponentStream component="Linear" name="Y" componentId="z1"><Samples><Position dataItemId="Yact" timestamp="2025-07-03T08:11:43.286Z" name="Yact" sequence="118287">0.4</Position><Load dataItemId="Yload" timestamp="2025-07-03T08:11:48.454Z" name="Yload" sequence="118354">0</Load></Samples></ComponentStream><ComponentStream component="Linear" name="Z" componentId="z1"><Samples><Position dataItemId="Zact" timestamp="2025-07-03T08:11:45.928Z" name="Zact" sequence="118319">185.645</Position><Load dataItemId="Zload" timestamp="2025-07-03T08:11:48.454Z" name="Zload" sequence="118353">22</Load></Samples></ComponentStream></DeviceStream>
<DeviceStream name="SR-21" uuid="SR-21"><ComponentStream component="Device" name="SR-21" componentId=""><Events><AssetChanged dataItemId="_asset_chg" timestamp="2025-07-03T05:52:15.981Z" sequence="20" assetType="">UNAVAILABLE</AssetChanged><Availability dataItemId="avail" timestamp="2025-07-03T05:52:16.074Z" sequence="34">AVAILABLE</Availability></Events></ComponentStream><ComponentStream component="Rotary" name="A" componentId="a1"><Samples><Angle dataItemId="Aact" timestamp="2025-07-03T05:52:16.315Z" name="ALact" sequence="63">0</Angle><Load dataItemId="Aload" timestamp="2025-07-03T08:11:48.314Z" name="ALload" sequence="146469">0</Load></Samples></ComponentStream><ComponentStream component="Rotary" name="B" componentId="b1"><Samples><Angle dataItemId="Bact" timestamp="2025-07-03T05:52:15.981Z" name="Bact" sequence="3">UNAVAILABLE</Angle><Load dataItemId="Bload" timestamp="2025-07-03T05:52:15.981Z" name="Bload" sequence="4">UNAVAILABLE</Load></Samples></ComponentStream><ComponentStream component="Rotary" name="C" componentId="c1"><Samples><Angle dataItemId="Cact" timestamp="2025-07-03T05:52:16.315Z" name="Cact" sequence="65">0</Angle><Load dataItemId="Cload" timestamp="2025-07-03T05:52:16.315Z" name="Cload" sequence="66">0</Load></Samples></ComponentStream><ComponentStream component="Controller" name="controller" componentId="cn1"><Events><EmergencyStop dataItemId="estop" timestamp="2025-07-03T05:52:16.315Z" sequence="44">ARMED</EmergencyStop></Events><Condition><Normal dataItemId="system" timestamp="2025-07-03T05:52:16.074Z" sequence="35" type="SYSTEM"/></Condition></ComponentStream><ComponentStream component="Path" name="path" componentId="pth"><Samples><PathFeedrate dataItemId="fd1" timestamp="2025-07-03T05:52:15.981Z" name="feedrate" sequence="25">UNAVAILABLE</PathFeedrate><PathFeedrate dataItemId="fd2" timestamp="2025-07-03T05:52:16.315Z" name="Fovr" sequence="37" subType="OVERRIDE">100</PathFeedrate><FeedrateOverride dataItemId="fd3" timestamp="2025-07-03T05:52:15.981Z" name="Rovr" sequence="27" subType="RAPID">UNAVAILABLE</FeedrateOverride></Samples><Events><Block dataItemId="block" timestamp="2025-07-03T08:11:47.112Z" name="block" sequence="146449">G01 Z4.400</Block><Execution dataItemId="execution" timestamp="2025-07-03T07:53:52.754Z" name="exec" sequence="126974">ACTIVE</Execution><Line dataItemId="line" timestamp="2025-07-03T08:11:28.541Z" name="line" sequence="146145">20</Line><ControllerMode dataItemId="mode" timestamp="2025-07-03T05:52:16.315Z" name="mode" sequence="42">AUTOMATIC</ControllerMode><PartCount dataItemId="part_count" timestamp="2025-07-03T08:11:05.824Z" name="part_count" sequence="145672">603915</PartCount><Program dataItemId="program" timestamp="2025-07-03T08:11:36.405Z" name="program" sequence="146285">72.72</Program><ToolId dataItemId="tool_id" timestamp="2025-07-03T08:11:43.224Z" name="ToolId" sequence="146381">3</ToolId></Events></ComponentStream><ComponentStream component="Rotary" name="S0" componentId="s0"><Samples><SpindleSpeed dataItemId="SSovr" timestamp="2025-07-03T05:52:15.981Z" name="Sovr" sequence="11" subType="OVERRIDE">UNAVAILABLE</SpindleSpeed><SpindleSpeed dataItemId="Sspeed" timestamp="2025-07-03T05:52:15.981Z" name="Sspeed" sequence="13" subType="ACTUAL">UNAVAILABLE</SpindleSpeed><Load dataItemId="Sload" timestamp="2025-07-03T05:52:15.981Z" name="Sload" sequence="12" subType="ACTUAL">UNAVAILABLE</Load></Samples></ComponentStream><ComponentStream component="Rotary" name="S1" componentId="s1"><Samples><Load dataItemId="S1load" timestamp="2025-07-03T08:11:47.112Z" name="S1load" sequence="146455" subType="ACTUAL">1</Load><SpindleSpeed dataItemId="S1speed" timestamp="2025-07-03T08:11:47.112Z" name="S1speed" sequence="146454" subType="ACTUAL">2422</SpindleSpeed></Samples></ComponentStream><ComponentStream component="Rotary" name="S2" componentId="s2"><Samples><Load dataItemId="S2load" timestamp="2025-07-03T05:52:15.981Z" name="S2load" sequence="9" subType="ACTUAL">UNAVAILABLE</Load><SpindleSpeed dataItemId="S2speed" timestamp="2025-07-03T05:52:15.981Z" name="S2speed" sequence="10" subType="ACTUAL">UNAVAILABLE</SpindleSpeed></Samples></ComponentStream><ComponentStream component="Linear" name="X" componentId="x1"><Samples><Position dataItemId="Xact" timestamp="2025-07-03T08:11:47.112Z" name="Xact" sequence="146450">9.152</Position><Load dataItemId="Xload" timestamp="2025-07-03T08:11:47.913Z" name="Xload" sequence="146466">9</Load></Samples></ComponentStream><ComponentStream component="Linear" name="Y" componentId="z1"><Samples><Position dataItemId="Yact" timestamp="2025-07-03T08:11:43.224Z" name="Yact" sequence="146387">-127.944</Position><Load dataItemId="Yload" timestamp="2025-07-03T08:11:47.529Z" name="Yload" sequence="146461">5</Load></Samples></ComponentStream><ComponentStream component="Linear" name="Z" componentId="z1"><Samples><Position dataItemId="Zact" timestamp="2025-07-03T08:11:48.314Z" name="Zact" sequence="146468">177.134</Position><Load dataItemId="Zload" timestamp="2025-07-03T08:11:47.913Z" name="Zload" sequence="146465">7</Load></Samples></ComponentStream></DeviceStream>
<DeviceStream name="SR-23" uuid="SR-23"><ComponentStream component="Device" name="SR-23" componentId=""><Events><AssetChanged dataItemId="_asset_chg" timestamp="2025-07-03T05:52:16.030Z" sequence="20" assetType="">UNAVAILABLE</AssetChanged><Availability dataItemId="avail" timestamp="2025-07-03T05:52:17.028Z" sequence="34">AVAILABLE</Availability></Events></ComponentStream><ComponentStream component="Rotary" name="A" componentId="a1"><Samples><Angle dataItemId="Aact" timestamp="2025-07-03T05:52:16.030Z" name="ALact" sequence="1">UNAVAILABLE</Angle><Load dataItemId="Aload" timestamp="2025-07-03T05:52:16.030Z" name="ALload" sequence="2">UNAVAILABLE</Load></Samples></ComponentStream><ComponentStream component="Rotary" name="B" componentId="b1"><Samples><Angle dataItemId="Bact" timestamp="2025-07-03T05:52:16.030Z" name="Bact" sequence="3">UNAVAILABLE</Angle><Load dataItemId="Bload" timestamp="2025-07-03T05:52:16.030Z" name="Bload" sequence="4">UNAVAILABLE</Load></Samples></ComponentStream><ComponentStream component="Rotary" name="C" componentId="c1"><Samples><Angle dataItemId="Cact" timestamp="2025-07-03T05:52:16.030Z" name="Cact" sequence="5">UNAVAILABLE</Angle><Load dataItemId="Cload" timestamp="2025-07-03T05:52:16.030Z" name="Cload" sequence="6">UNAVAILABLE</Load></Samples></ComponentStream><ComponentStream component="Controller" name="controller" componentId="cn1"><Events><EmergencyStop dataItemId="estop" timestamp="2025-07-03T05:52:17.251Z" sequence="42">ARMED</EmergencyStop></Events><Condition><Normal dataItemId="system" timestamp="2025-07-03T05:52:17.028Z" sequence="35" type="SYSTEM"/></Condition></ComponentStream><ComponentStream component="Path" name="path" componentId="pth"><Samples><PathFeedrate dataItemId="fd1" timestamp="2025-07-03T05:52:16.030Z" name="feedrate" sequence="25">UNAVAILABLE</PathFeedrate><PathFeedrate dataItemId="fd2" timestamp="2025-07-03T05:52:17.251Z" name="Fovr" sequence="38" subType="OVERRIDE">100</PathFeedrate><FeedrateOverride dataItemId="fd3" timestamp="2025-07-03T05:52:16.030Z" name="Rovr" sequence="27" subType="RAPID">UNAVAILABLE</FeedrateOverride></Samples><Events><Block dataItemId="block" timestamp="2025-07-03T08:11:47.822Z" name="block" sequence="9457">G1Z3.3F0.05</Block><Execution dataItemId="execution" timestamp="2025-07-03T05:52:17.251Z" name="exec" sequence="37">ACTIVE</Execution><Line dataItemId="line" timestamp="2025-07-03T08:11:07.020Z" name="line" sequence="9408">1111</Line><ControllerMode dataItemId="mode" timestamp="2025-07-03T05:52:17.251Z" name="mode" sequence="41">AUTOMATIC</ControllerMode><PartCount dataItemId="part_count" timestamp="2025-07-03T08:11:44.661Z" name="part_count" sequence="9451">131866</PartCount><Program dataItemId="program" timestamp="2025-07-03T05:52:16.030Z" name="program" sequence="31">UNAVAILABLE</Program><ToolId dataItemId="tool_id" timestamp="2025-07-03T05:52:16.030Z" name="ToolId" sequence="33">UNAVAILABLE</ToolId></Events></ComponentStream><ComponentStream component="Rotary" name="S0" componentId="s0"><Samples><SpindleSpeed dataItemId="SSovr" timestamp="2025-07-03T05:52:16.030Z" name="Sovr" sequence="11" subType="OVERRIDE">UNAVAILABLE</SpindleSpeed><SpindleSpeed dataItemId="Sspeed" timestamp="2025-07-03T05:52:16.030Z" name="Sspeed" sequence="13" subType="ACTUAL">UNAVAILABLE</SpindleSpeed><Load dataItemId="Sload" timestamp="2025-07-03T05:52:16.030Z" name="Sload" sequence="12" subType="ACTUAL">UNAVAILABLE</Load></Samples></ComponentStream><ComponentStream component="Rotary" name="S1" componentId="s1"><Samples><Load dataItemId="S1load" timestamp="2025-07-03T08:11:47.822Z" name="S1load" sequence="9459" subType="ACTUAL">3</Load><SpindleSpeed dataItemId="S1speed" timestamp="2025-07-03T08:11:47.822Z" name="S1speed" sequence="9458" subType="ACTUAL">2500</SpindleSpeed></Samples></ComponentStream><ComponentStream component="Rotary" name="S2" componentId="s2"><Samples><Load dataItemId="S2load" timestamp="2025-07-03T05:52:16.030Z" name="S2load" sequence="9" subType="ACTUAL">UNAVAILABLE</Load><SpindleSpeed dataItemId="S2speed" timestamp="2025-07-03T05:52:16.030Z" name="S2speed" sequence="10" subType="ACTUAL">UNAVAILABLE</SpindleSpeed></Samples></ComponentStream><ComponentStream component="Linear" name="X" componentId="x1"><Samples><Position dataItemId="Xact" timestamp="2025-07-03T05:52:16.030Z" name="Xact" sequence="14">UNAVAILABLE</Position><Load dataItemId="Xload" timestamp="2025-07-03T05:52:16.030Z" name="Xload" sequence="15">UNAVAILABLE</Load></Samples></ComponentStream><ComponentStream component="Linear" name="Y" componentId="z1"><Samples><Position dataItemId="Yact" timestamp="2025-07-03T05:52:16.030Z" name="Yact" sequence="16">UNAVAILABLE</Position><Load dataItemId="Yload" timestamp="2025-07-03T05:52:16.030Z" name="Yload" sequence="17">UNAVAILABLE</Load></Samples></ComponentStream><ComponentStream component="Linear" name="Z" componentId="z1"><Samples><Position dataItemId="Zact" timestamp="2025-07-03T05:52:16.030Z" name="Zact" sequence="18">UNAVAILABLE</Position><Load dataItemId="Zload" timestamp="2025-07-03T05:52:16.030Z" name="Zload" sequence="19">UNAVAILABLE</Load></Samples></ComponentStream></DeviceStream>
<DeviceStream name="SR-25" uuid="SR-25"><ComponentStream component="Device" name="SR-25" componentId=""><Events><AssetChanged dataItemId="_asset_chg" timestamp="2025-07-03T05:52:16.080Z" sequence="20" assetType="">UNAVAILABLE</AssetChanged><Availability dataItemId="avail" timestamp="2025-07-03T07:03:49.800Z" sequence="216">AVAILABLE</Availability></Events></ComponentStream><ComponentStream component="Rotary" name="A" componentId="a1"><Samples><Angle dataItemId="Aact" timestamp="2025-07-03T05:52:16.080Z" name="ALact" sequence="1">UNAVAILABLE</Angle><Load dataItemId="Aload" timestamp="2025-07-03T05:52:16.080Z" name="ALload" sequence="2">UNAVAILABLE</Load></Samples></ComponentStream><ComponentStream component="Rotary" name="B" componentId="b1"><Samples><Angle dataItemId="Bact" timestamp="2025-07-03T05:52:16.080Z" name="Bact" sequence="3">UNAVAILABLE</Angle><Load dataItemId="Bload" timestamp="2025-07-03T05:52:16.080Z" name="Bload" sequence="4">UNAVAILABLE</Load></Samples></ComponentStream><ComponentStream component="Rotary" name="C" componentId="c1"><Samples><Angle dataItemId="Cact" timestamp="2025-07-03T05:52:16.080Z" name="Cact" sequence="5">UNAVAILABLE</Angle><Load dataItemId="Cload" timestamp="2025-07-03T05:52:16.080Z" name="Cload" sequence="6">UNAVAILABLE</Load></Samples></ComponentStream><ComponentStream component="Controller" name="controller" componentId="cn1"><Events><EmergencyStop dataItemId="estop" timestamp="2025-07-03T07:03:59.959Z" sequence="225">TRIGGERED</EmergencyStop></Events><Condition><Fault dataItemId="system" timestamp="2025-07-03T07:03:59.959Z" sequence="224" nativeCode="1022" type="SYSTEM"> MACHINE IS NOT READY&amp;#254;&amp;#255;&amp;#255;&amp;#xC030;.000</Fault></Condition></ComponentStream><ComponentStream component="Path" name="path" componentId="pth"><Samples><PathFeedrate dataItemId="fd1" timestamp="2025-07-03T05:52:16.080Z" name="feedrate" sequence="25">UNAVAILABLE</PathFeedrate><PathFeedrate dataItemId="fd2" timestamp="2025-07-03T07:03:59.959Z" name="Fovr" sequence="220" subType="OVERRIDE">100</PathFeedrate><FeedrateOverride dataItemId="fd3" timestamp="2025-07-03T05:52:16.080Z" name="Rovr" sequence="27" subType="RAPID">UNAVAILABLE</FeedrateOverride></Samples><Events><Block dataItemId="block" timestamp="2025-07-03T07:03:59.959Z" name="block" sequence="222"/><Execution dataItemId="execution" timestamp="2025-07-03T07:03:59.959Z" name="exec" sequence="219">STOPPED</Execution><Line dataItemId="line" timestamp="2025-07-03T07:03:59.959Z" name="line" sequence="221">1</Line><ControllerMode dataItemId="mode" timestamp="2025-07-03T07:03:59.959Z" name="mode" sequence="223">AUTOMATIC</ControllerMode><PartCount dataItemId="part_count" timestamp="2025-07-03T07:03:59.959Z" name="part_count" sequence="218">114857</PartCount><Program dataItemId="program" timestamp="2025-07-03T06:53:49.257Z" name="program" sequence="55">UNAVAILABLE</Program><ToolId dataItemId="tool_id" timestamp="2025-07-03T06:53:49.257Z" name="ToolId" sequence="54">UNAVAILABLE</ToolId></Events></ComponentStream><ComponentStream component="Rotary" name="S0" componentId="s0"><Samples><SpindleSpeed dataItemId="SSovr" timestamp="2025-07-03T05:52:16.080Z" name="Sovr" sequence="11" subType="OVERRIDE">UNAVAILABLE</SpindleSpeed><SpindleSpeed dataItemId="Sspeed" timestamp="2025-07-03T05:52:16.080Z" name="Sspeed" sequence="13" subType="ACTUAL">UNAVAILABLE</SpindleSpeed><Load dataItemId="Sload" timestamp="2025-07-03T05:52:16.080Z" name="Sload" sequence="12" subType="ACTUAL">UNAVAILABLE</Load></Samples></ComponentStream><ComponentStream component="Rotary" name="S1" componentId="s1"><Samples><Load dataItemId="S1load" timestamp="2025-07-03T07:03:59.959Z" name="S1load" sequence="227" subType="ACTUAL">0</Load><SpindleSpeed dataItemId="S1speed" timestamp="2025-07-03T07:03:59.959Z" name="S1speed" sequence="226" subType="ACTUAL">0</SpindleSpeed></Samples></ComponentStream><ComponentStream component="Rotary" name="S2" componentId="s2"><Samples><Load dataItemId="S2load" timestamp="2025-07-03T05:52:16.080Z" name="S2load" sequence="9" subType="ACTUAL">UNAVAILABLE</Load><SpindleSpeed dataItemId="S2speed" timestamp="2025-07-03T05:52:16.080Z" name="S2speed" sequence="10" subType="ACTUAL">UNAVAILABLE</SpindleSpeed></Samples></ComponentStream><ComponentStream component="Linear" name="X" componentId="x1"><Samples><Position dataItemId="Xact" timestamp="2025-07-03T05:52:16.080Z" name="Xact" sequence="14">UNAVAILABLE</Position><Load dataItemId="Xload" timestamp="2025-07-03T05:52:16.080Z" name="Xload" sequence="15">UNAVAILABLE</Load></Samples></ComponentStream><ComponentStream component="Linear" name="Y" componentId="z1"><Samples><Position dataItemId="Yact" timestamp="2025-07-03T05:52:16.080Z" name="Yact" sequence="16">UNAVAILABLE</Position><Load dataItemId="Yload" timestamp="2025-07-03T05:52:16.080Z" name="Yload" sequence="17">UNAVAILABLE</Load></Samples></ComponentStream><ComponentStream component="Linear" name="Z" componentId="z1"><Samples><Position dataItemId="Zact" timestamp="2025-07-03T05:52:16.080Z" name="Zact" sequence="18">UNAVAILABLE</Position><Load dataItemId="Zload" timestamp="2025-07-03T05:52:16.080Z" name="Zload" sequence="19">UNAVAILABLE</Load></Samples></ComponentStream></DeviceStream>
<DeviceStream name="SR-26" uuid="SR-26"><ComponentStream component="Device" name="SR-26" componentId=""><Events><AssetChanged dataItemId="_asset_chg" timestamp="2025-07-03T05:52:15.722Z" sequence="20" assetType="">UNAVAILABLE</AssetChanged><Availability dataItemId="avail" timestamp="2025-07-03T05:52:15.816Z" sequence="34">AVAILABLE</Availability></Events></ComponentStream><ComponentStream component="Rotary" name="A" componentId="a1"><Samples><Angle dataItemId="Aact" timestamp="2025-07-03T05:52:15.722Z" name="ALact" sequence="1">UNAVAILABLE</Angle><Load dataItemId="Aload" timestamp="2025-07-03T05:52:15.722Z" name="ALload" sequence="2">UNAVAILABLE</Load></Samples></ComponentStream><ComponentStream component="Rotary" name="B" componentId="b1"><Samples><Angle dataItemId="Bact" timestamp="2025-07-03T05:52:15.722Z" name="Bact" sequence="3">UNAVAILABLE</Angle><Load dataItemId="Bload" timestamp="2025-07-03T05:52:15.722Z" name="Bload" sequence="4">UNAVAILABLE</Load></Samples></ComponentStream><ComponentStream component="Rotary" name="C" componentId="c1"><Samples><Angle dataItemId="Cact" timestamp="2025-07-03T05:52:16.233Z" name="Cact" sequence="49">0</Angle><Load dataItemId="Cload" timestamp="2025-07-03T05:52:16.233Z" name="Cload" sequence="50">0</Load></Samples></ComponentStream><ComponentStream component="Controller" name="controller" componentId="cn1"><Events><EmergencyStop dataItemId="estop" timestamp="2025-07-03T05:52:16.233Z" sequence="44">ARMED</EmergencyStop></Events><Condition><Normal dataItemId="system" timestamp="2025-07-03T05:52:15.816Z" sequence="35" type="SYSTEM"/></Condition></ComponentStream><ComponentStream component="Path" name="path" componentId="pth"><Samples><PathFeedrate dataItemId="fd1" timestamp="2025-07-03T05:52:15.722Z" name="feedrate" sequence="25">UNAVAILABLE</PathFeedrate><PathFeedrate dataItemId="fd2" timestamp="2025-07-03T05:52:16.233Z" name="Fovr" sequence="37" subType="OVERRIDE">100</PathFeedrate><FeedrateOverride dataItemId="fd3" timestamp="2025-07-03T05:52:15.722Z" name="Rovr" sequence="27" subType="RAPID">UNAVAILABLE</FeedrateOverride></Samples><Events><Block dataItemId="block" timestamp="2025-07-03T07:48:53.853Z" name="block" sequence="21120">N1</Block><Execution dataItemId="execution" timestamp="2025-07-03T07:48:53.853Z" name="exec" sequence="21121">STOPPED</Execution><Line dataItemId="line" timestamp="2025-07-03T07:44:27.144Z" name="line" sequence="19772">1111</Line><ControllerMode dataItemId="mode" timestamp="2025-07-03T07:44:15.719Z" name="mode" sequence="19729">AUTOMATIC</ControllerMode><PartCount dataItemId="part_count" timestamp="2025-07-03T07:46:29.477Z" name="part_count" sequence="20740">1989475</PartCount><Program dataItemId="program" timestamp="2025-07-03T07:46:30.031Z" name="program" sequence="20746">5.5</Program><ToolId dataItemId="tool_id" timestamp="2025-07-03T07:46:18.377Z" name="ToolId" sequence="20654">1</ToolId></Events></ComponentStream><ComponentStream component="Rotary" name="S0" componentId="s0"><Samples><SpindleSpeed dataItemId="SSovr" timestamp="2025-07-03T05:52:15.722Z" name="Sovr" sequence="11" subType="OVERRIDE">UNAVAILABLE</SpindleSpeed><SpindleSpeed dataItemId="Sspeed" timestamp="2025-07-03T05:52:15.722Z" name="Sspeed" sequence="13" subType="ACTUAL">UNAVAILABLE</SpindleSpeed><Load dataItemId="Sload" timestamp="2025-07-03T05:52:15.722Z" name="Sload" sequence="12" subType="ACTUAL">UNAVAILABLE</Load></Samples></ComponentStream><ComponentStream component="Rotary" name="S1" componentId="s1"><Samples><Load dataItemId="S1load" timestamp="2025-07-03T07:46:30.632Z" name="S1load" sequence="20753" subType="ACTUAL">0</Load><SpindleSpeed dataItemId="S1speed" timestamp="2025-07-03T07:46:30.632Z" name="S1speed" sequence="20752" subType="ACTUAL">0</SpindleSpeed></Samples></ComponentStream><ComponentStream component="Rotary" name="S2" componentId="s2"><Samples><Load dataItemId="S2load" timestamp="2025-07-03T05:52:15.722Z" name="S2load" sequence="9" subType="ACTUAL">UNAVAILABLE</Load><SpindleSpeed dataItemId="S2speed" timestamp="2025-07-03T05:52:15.722Z" name="S2speed" sequence="10" subType="ACTUAL">UNAVAILABLE</SpindleSpeed></Samples></ComponentStream><ComponentStream component="Linear" name="X" componentId="x1"><Samples><Position dataItemId="Xact" timestamp="2025-07-03T07:46:29.477Z" name="Xact" sequence="20742">9</Position><Load dataItemId="Xload" timestamp="2025-07-03T08:11:47.822Z" name="Xload" sequence="24295">20</Load></Samples></ComponentStream><ComponentStream component="Linear" name="Y" componentId="z1"><Samples><Position dataItemId="Yact" timestamp="2025-07-03T07:46:18.377Z" name="Yact" sequence="20660">0.72</Position><Load dataItemId="Yload" timestamp="2025-07-03T08:11:46.591Z" name="Yload" sequence="24292">6</Load></Samples></ComponentStream><ComponentStream component="Linear" name="Z" componentId="z1"><Samples><Position dataItemId="Zact" timestamp="2025-07-03T07:46:18.377Z" name="Zact" sequence="20659">195.2</Position><Load dataItemId="Zload" timestamp="2025-07-03T08:11:18.084Z" name="Zload" sequence="24230">2</Load></Samples></ComponentStream></DeviceStream>
<DeviceStream name="XD-20" uuid="XD-20"><ComponentStream component="Device" name="XD-20" componentId=""><Events><AssetChanged dataItemId="_asset_chg" timestamp="2025-07-03T05:52:15.678Z" sequence="20" assetType="">UNAVAILABLE</AssetChanged><Availability dataItemId="avail" timestamp="2025-07-03T05:52:50.983Z" sequence="35">UNAVAILABLE</Availability></Events></ComponentStream><ComponentStream component="Rotary" name="A" componentId="a1"><Samples><Angle dataItemId="Aact" timestamp="2025-07-03T05:52:15.678Z" name="ALact" sequence="1">UNAVAILABLE</Angle><Load dataItemId="Aload" timestamp="2025-07-03T05:52:15.678Z" name="ALload" sequence="2">UNAVAILABLE</Load></Samples></ComponentStream><ComponentStream component="Rotary" name="B" componentId="b1"><Samples><Angle dataItemId="Bact" timestamp="2025-07-03T05:52:15.678Z" name="Bact" sequence="3">UNAVAILABLE</Angle><Load dataItemId="Bload" timestamp="2025-07-03T05:52:15.678Z" name="Bload" sequence="4">UNAVAILABLE</Load></Samples></ComponentStream><ComponentStream component="Rotary" name="C" componentId="c1"><Samples><Angle dataItemId="Cact" timestamp="2025-07-03T05:52:15.678Z" name="Cact" sequence="5">UNAVAILABLE</Angle><Load dataItemId="Cload" timestamp="2025-07-03T05:52:15.678Z" name="Cload" sequence="6">UNAVAILABLE</Load></Samples></ComponentStream><ComponentStream component="Controller" name="controller" componentId="cn1"><Events><EmergencyStop dataItemId="estop" timestamp="2025-07-03T05:52:15.678Z" sequence="23">UNAVAILABLE</EmergencyStop></Events><Condition><Unavailable dataItemId="system" timestamp="2025-07-03T05:52:15.678Z" sequence="32" type="SYSTEM"/></Condition></ComponentStream><ComponentStream component="Path" name="path" componentId="pth"><Samples><PathFeedrate dataItemId="fd1" timestamp="2025-07-03T05:52:15.678Z" name="feedrate" sequence="25">UNAVAILABLE</PathFeedrate><PathFeedrate dataItemId="fd2" timestamp="2025-07-03T05:52:15.678Z" name="Fovr" sequence="26" subType="OVERRIDE">UNAVAILABLE</PathFeedrate><FeedrateOverride dataItemId="fd3" timestamp="2025-07-03T05:52:15.678Z" name="Rovr" sequence="27" subType="RAPID">UNAVAILABLE</FeedrateOverride></Samples><Events><Block dataItemId="block" timestamp="2025-07-03T05:52:15.678Z" name="block" sequence="22">UNAVAILABLE</Block><Execution dataItemId="execution" timestamp="2025-07-03T05:52:15.678Z" name="exec" sequence="24">UNAVAILABLE</Execution><Line dataItemId="line" timestamp="2025-07-03T05:52:15.678Z" name="line" sequence="28">UNAVAILABLE</Line><ControllerMode dataItemId="mode" timestamp="2025-07-03T05:52:15.678Z" name="mode" sequence="29">UNAVAILABLE</ControllerMode><PartCount dataItemId="part_count" timestamp="2025-07-03T05:52:15.678Z" name="part_count" sequence="30">UNAVAILABLE</PartCount><Program dataItemId="program" timestamp="2025-07-03T05:52:15.678Z" name="program" sequence="31">UNAVAILABLE</Program><ToolId dataItemId="tool_id" timestamp="2025-07-03T05:52:15.678Z" name="ToolId" sequence="33">UNAVAILABLE</ToolId></Events></ComponentStream><ComponentStream component="Rotary" name="S0" componentId="s0"><Samples><SpindleSpeed dataItemId="SSovr" timestamp="2025-07-03T05:52:15.678Z" name="Sovr" sequence="11" subType="OVERRIDE">UNAVAILABLE</SpindleSpeed><SpindleSpeed dataItemId="Sspeed" timestamp="2025-07-03T05:52:15.678Z" name="Sspeed" sequence="13" subType="ACTUAL">UNAVAILABLE</SpindleSpeed><Load dataItemId="Sload" timestamp="2025-07-03T05:52:15.678Z" name="Sload" sequence="12" subType="ACTUAL">UNAVAILABLE</Load></Samples></ComponentStream><ComponentStream component="Rotary" name="S1" componentId="s1"><Samples><Load dataItemId="S1load" timestamp="2025-07-03T05:52:15.678Z" name="S1load" sequence="7" subType="ACTUAL">UNAVAILABLE</Load><SpindleSpeed dataItemId="S1speed" timestamp="2025-07-03T05:52:15.678Z" name="S1speed" sequence="8" subType="ACTUAL">UNAVAILABLE</SpindleSpeed></Samples></ComponentStream><ComponentStream component="Rotary" name="S2" componentId="s2"><Samples><Load dataItemId="S2load" timestamp="2025-07-03T05:52:15.678Z" name="S2load" sequence="9" subType="ACTUAL">UNAVAILABLE</Load><SpindleSpeed dataItemId="S2speed" timestamp="2025-07-03T05:52:15.678Z" name="S2speed" sequence="10" subType="ACTUAL">UNAVAILABLE</SpindleSpeed></Samples></ComponentStream><ComponentStream component="Linear" name="X" componentId="x1"><Samples><Position dataItemId="Xact" timestamp="2025-07-03T05:52:15.678Z" name="Xact" sequence="14">UNAVAILABLE</Position><Load dataItemId="Xload" timestamp="2025-07-03T05:52:15.678Z" name="Xload" sequence="15">UNAVAILABLE</Load></Samples></ComponentStream><ComponentStream component="Linear" name="Y" componentId="z1"><Samples><Position dataItemId="Yact" timestamp="2025-07-03T05:52:15.678Z" name="Yact" sequence="16">UNAVAILABLE</Position><Load dataItemId="Yload" timestamp="2025-07-03T05:52:15.678Z" name="Yload" sequence="17">UNAVAILABLE</Load></Samples></ComponentStream><ComponentStream component="Linear" name="Z" componentId="z1"><Samples><Position dataItemId="Zact" timestamp="2025-07-03T05:52:15.678Z" name="Zact" sequence="18">UNAVAILABLE</Position><Load dataItemId="Zload" timestamp="2025-07-03T05:52:15.678Z" name="Zload" sequence="19">UNAVAILABLE</Load></Samples></ComponentStream></DeviceStream>
<DeviceStream name="XD-38" uuid="XD-38"><ComponentStream component="Device" name="XD-38" componentId=""><Events><AssetChanged dataItemId="_asset_chg" timestamp="2025-07-03T05:52:15.803Z" sequence="20" assetType="">UNAVAILABLE</AssetChanged><Availability dataItemId="avail" timestamp="2025-07-03T05:52:15.856Z" sequence="34">AVAILABLE</Availability></Events></ComponentStream><ComponentStream component="Rotary" name="A" componentId="a1"><Samples><Angle dataItemId="Aact" timestamp="2025-07-03T05:52:15.803Z" name="ALact" sequence="1">UNAVAILABLE</Angle><Load dataItemId="Aload" timestamp="2025-07-03T05:52:15.803Z" name="ALload" sequence="2">UNAVAILABLE</Load></Samples></ComponentStream><ComponentStream component="Rotary" name="B" componentId="b1"><Samples><Angle dataItemId="Bact" timestamp="2025-07-03T05:52:15.803Z" name="Bact" sequence="3">UNAVAILABLE</Angle><Load dataItemId="Bload" timestamp="2025-07-03T05:52:15.803Z" name="Bload" sequence="4">UNAVAILABLE</Load></Samples></ComponentStream><ComponentStream component="Rotary" name="C" componentId="c1"><Samples><Angle dataItemId="Cact" timestamp="2025-07-03T05:52:15.803Z" name="Cact" sequence="5">UNAVAILABLE</Angle><Load dataItemId="Cload" timestamp="2025-07-03T05:52:15.803Z" name="Cload" sequence="6">UNAVAILABLE</Load></Samples></ComponentStream><ComponentStream component="Controller" name="controller" componentId="cn1"><Events><EmergencyStop dataItemId="estop" timestamp="2025-07-03T05:52:16.436Z" sequence="44">ARMED</EmergencyStop></Events><Condition><Normal dataItemId="system" timestamp="2025-07-03T05:52:15.856Z" sequence="35" type="SYSTEM"/></Condition></ComponentStream><ComponentStream component="Path" name="path" componentId="pth"><Samples><PathFeedrate dataItemId="fd1" timestamp="2025-07-03T05:52:15.803Z" name="feedrate" sequence="25">UNAVAILABLE</PathFeedrate><PathFeedrate dataItemId="fd2" timestamp="2025-07-03T05:52:16.436Z" name="Fovr" sequence="37" subType="OVERRIDE">100</PathFeedrate><FeedrateOverride dataItemId="fd3" timestamp="2025-07-03T05:52:15.803Z" name="Rovr" sequence="27" subType="RAPID">UNAVAILABLE</FeedrateOverride></Samples><Events><Block dataItemId="block" timestamp="2025-07-03T05:52:16.436Z" name="block" sequence="41">M96</Block><Execution dataItemId="execution" timestamp="2025-07-03T05:52:16.436Z" name="exec" sequence="43">STOPPED</Execution><Line dataItemId="line" timestamp="2025-07-03T05:52:16.436Z" name="line" sequence="40">1000</Line><ControllerMode dataItemId="mode" timestamp="2025-07-03T05:52:16.436Z" name="mode" sequence="42">AUTOMATIC</ControllerMode><PartCount dataItemId="part_count" timestamp="2025-07-03T05:52:16.436Z" name="part_count" sequence="36">1091</PartCount><Program dataItemId="program" timestamp="2025-07-03T05:52:16.436Z" name="program" sequence="39">24.24</Program><ToolId dataItemId="tool_id" timestamp="2025-07-03T05:52:16.436Z" name="ToolId" sequence="38">101</ToolId></Events></ComponentStream><ComponentStream component="Rotary" name="S0" componentId="s0"><Samples><SpindleSpeed dataItemId="SSovr" timestamp="2025-07-03T05:52:15.803Z" name="Sovr" sequence="11" subType="OVERRIDE">UNAVAILABLE</SpindleSpeed><SpindleSpeed dataItemId="Sspeed" timestamp="2025-07-03T05:52:15.803Z" name="Sspeed" sequence="13" subType="ACTUAL">UNAVAILABLE</SpindleSpeed><Load dataItemId="Sload" timestamp="2025-07-03T05:52:15.803Z" name="Sload" sequence="12" subType="ACTUAL">UNAVAILABLE</Load></Samples></ComponentStream><ComponentStream component="Rotary" name="S1" componentId="s1"><Samples><Load dataItemId="S1load" timestamp="2025-07-03T05:52:16.436Z" name="S1load" sequence="46" subType="ACTUAL">0</Load><SpindleSpeed dataItemId="S1speed" timestamp="2025-07-03T05:52:16.436Z" name="S1speed" sequence="45" subType="ACTUAL">0</SpindleSpeed></Samples></ComponentStream><ComponentStream component="Rotary" name="S2" componentId="s2"><Samples><Load dataItemId="S2load" timestamp="2025-07-03T05:52:15.803Z" name="S2load" sequence="9" subType="ACTUAL">UNAVAILABLE</Load><SpindleSpeed dataItemId="S2speed" timestamp="2025-07-03T05:52:15.803Z" name="S2speed" sequence="10" subType="ACTUAL">UNAVAILABLE</SpindleSpeed></Samples></ComponentStream><ComponentStream component="Linear" name="X" componentId="x1"><Samples><Position dataItemId="Xact" timestamp="2025-07-03T05:52:15.803Z" name="Xact" sequence="14">UNAVAILABLE</Position><Load dataItemId="Xload" timestamp="2025-07-03T05:52:15.803Z" name="Xload" sequence="15">UNAVAILABLE</Load></Samples></ComponentStream><ComponentStream component="Linear" name="Y" componentId="z1"><Samples><Position dataItemId="Yact" timestamp="2025-07-03T05:52:15.803Z" name="Yact" sequence="16">UNAVAILABLE</Position><Load dataItemId="Yload" timestamp="2025-07-03T05:52:15.803Z" name="Yload" sequence="17">UNAVAILABLE</Load></Samples></ComponentStream><ComponentStream component="Linear" name="Z" componentId="z1"><Samples><Position dataItemId="Zact" timestamp="2025-07-03T05:52:15.803Z" name="Zact" sequence="18">UNAVAILABLE</Position><Load dataItemId="Zload" timestamp="2025-07-03T05:52:15.803Z" name="Zload" sequence="19">UNAVAILABLE</Load></Samples></ComponentStream></DeviceStream>
    </Streams>
</MTConnectStreams>